<?xml version="1.0" encoding="UTF-8"?>
<testsuite xmlns:xsi="http://www.w3.org/2001/XMLSchema-instance" xsi:noNamespaceSchemaLocation="https://maven.apache.org/surefire/maven-surefire-plugin/xsd/surefire-test-report.xsd" name="com.mfpe.service.AuditResponseServiceTests" time="0.255" tests="12" errors="0" skipped="0" failures="0">
  <properties>
[...]
</properties>
  <testcase name="testGetAuditResponseInternal3Nos" classname="com.mfpe.service.AuditResponseServiceTests" time="0.014"/>
  <testcase name="testGetAuditResponseInternal4Nos" classname="com.mfpe.service.AuditResponseServiceTests" time="0.007"/>
  <testcase name="testCreateAuditResponseSoxRedStatus" classname="com.mfpe.service.AuditResponseServiceTests" time="0.005"/>
  <testcase name="testCreateAuditResponseInternalGreenStatus" classname="com.mfpe.service.AuditResponseServiceTests" time="0.007"/>
  <testcase name="testGetAuditResponseSox1Nos" classname="com.mfpe.service.AuditResponseServiceTests" time="0.005"/>
  <testcase name="testGetAuditResponseSox3Nos" classname="com.mfpe.service.AuditResponseServiceTests" time="0.007"/>
  <testcase name="testCountNos" classname="com.mfpe.service.AuditResponseServiceTests" time="0.005"/>
  <testcase name="testCreateAuditResponseInternalGreenStatusWithHighValue" classname="com.mfpe.service.AuditResponseServiceTests" time="0.007"/>
  <testcase name="testCreateAuditResponseInternalRedStatus" classname="com.mfpe.service.AuditResponseServiceTests" time="0.005"/>
  <testcase name="contextLoads" classname="com.mfpe.service.AuditResponseServiceTests" time="0.005"/>
  <testcase name="testSaveAuditResponse" classname="com.mfpe.service.AuditResponseServiceTests" time="0.018"/>
  <testcase name="testCreateAuditResponseSoxGreenStatus" classname="com.mfpe.service.AuditResponseServiceTests" time="0.016"/>
</testsuite>